d:\users\dkavanagh2\desktop\ah\games-dev-2\gd2\debug\vc142.pdb
d:\users\dkavanagh2\desktop\ah\games-dev-2\gd2\debug\vc142.idb
d:\users\dkavanagh2\desktop\ah\games-dev-2\gd2\debug\cmatrix2x2.obj
d:\users\dkavanagh2\desktop\ah\games-dev-2\gd2\debug\basemath.obj
d:\users\dkavanagh2\desktop\ah\games-dev-2\gd2\debug\input.obj
d:\users\dkavanagh2\desktop\ah\games-dev-2\gd2\debug\shellentity.obj
d:\users\dkavanagh2\desktop\ah\games-dev-2\gd2\debug\cimportxfile.obj
d:\users\dkavanagh2\desktop\ah\games-dev-2\gd2\debug\rendermethod.obj
d:\users\dkavanagh2\desktop\ah\games-dev-2\gd2\debug\mesh.obj
d:\users\dkavanagh2\desktop\ah\games-dev-2\gd2\debug\utility.obj
d:\users\dkavanagh2\desktop\ah\games-dev-2\gd2\debug\msdefines.obj
d:\users\dkavanagh2\desktop\ah\games-dev-2\gd2\debug\ctimer.obj
d:\users\dkavanagh2\desktop\ah\games-dev-2\gd2\debug\chashtable.obj
d:\users\dkavanagh2\desktop\ah\games-dev-2\gd2\debug\cfatalexception.obj
d:\users\dkavanagh2\desktop\ah\games-dev-2\gd2\debug\messenger.obj
d:\users\dkavanagh2\desktop\ah\games-dev-2\gd2\debug\light.obj
d:\users\dkavanagh2\desktop\ah\games-dev-2\gd2\debug\entitymanager.obj
d:\users\dkavanagh2\desktop\ah\games-dev-2\gd2\debug\entity.obj
d:\users\dkavanagh2\desktop\ah\games-dev-2\gd2\debug\camera.obj
d:\users\dkavanagh2\desktop\ah\games-dev-2\gd2\debug\parsexml.obj
d:\users\dkavanagh2\desktop\ah\games-dev-2\gd2\debug\parselevel.obj
d:\users\dkavanagh2\desktop\ah\games-dev-2\gd2\debug\tankassignment.obj
d:\users\dkavanagh2\desktop\ah\games-dev-2\gd2\debug\mainapp.obj
d:\users\dkavanagh2\desktop\ah\games-dev-2\gd2\debug\mathio.obj
d:\users\dkavanagh2\desktop\ah\games-dev-2\gd2\debug\cvector4.obj
d:\users\dkavanagh2\desktop\ah\games-dev-2\gd2\debug\cvector3.obj
d:\users\dkavanagh2\desktop\ah\games-dev-2\gd2\debug\cvector2.obj
d:\users\dkavanagh2\desktop\ah\games-dev-2\gd2\debug\cquattransform.obj
d:\users\dkavanagh2\desktop\ah\games-dev-2\gd2\debug\cquaternion.obj
d:\users\dkavanagh2\desktop\ah\games-dev-2\gd2\debug\cmatrix4x4.obj
d:\users\dkavanagh2\desktop\ah\games-dev-2\gd2\debug\cmatrix3x3.obj
d:\users\dkavanagh2\desktop\ah\games-dev-2\gd2\debug\tankentity.obj
d:\users\dkavanagh2\desktop\ah\games-dev-2\gd2\tankassignment.pdb
d:\users\dkavanagh2\desktop\ah\games-dev-2\gd2\debug\tankassignment.tlog\cl.command.1.tlog
d:\users\dkavanagh2\desktop\ah\games-dev-2\gd2\debug\tankassignment.tlog\cl.read.1.tlog
d:\users\dkavanagh2\desktop\ah\games-dev-2\gd2\debug\tankassignment.tlog\cl.write.1.tlog
d:\users\dkavanagh2\desktop\ah\games-dev-2\gd2\debug\tankassignment.tlog\link-cvtres.read.1.tlog
d:\users\dkavanagh2\desktop\ah\games-dev-2\gd2\debug\tankassignment.tlog\link-cvtres.write.1.tlog
d:\users\dkavanagh2\desktop\ah\games-dev-2\gd2\debug\tankassignment.tlog\link-rc.read.1.tlog
d:\users\dkavanagh2\desktop\ah\games-dev-2\gd2\debug\tankassignment.tlog\link-rc.write.1.tlog
d:\users\dkavanagh2\desktop\ah\games-dev-2\gd2\debug\tankassignment.tlog\link.command.1.tlog
d:\users\dkavanagh2\desktop\ah\games-dev-2\gd2\debug\tankassignment.tlog\link.read.1.tlog
d:\users\dkavanagh2\desktop\ah\games-dev-2\gd2\debug\tankassignment.tlog\link.write.1.tlog
